[08/04/23 10:05:46] INFO     count: 0
                    INFO     TWO WAY STREET FOUND
                    INFO     replacing edge (5.29365, 60.38757)-(5.29395, 60.38742)
                    INFO     processing predecessor: (5.29339, 60.3877)
                    INFO     old edge is ((5.29365, 60.38757), (5.29395, 60.38742))
                    INFO     new edge is ((5.29363, 60.38753), (5.29395, 60.38742))
[08/04/23 10:05:48] INFO     no_double_sense: False
[08/04/23 10:05:48] INFO     count: 1
                    INFO     TWO WAY STREET FOUND
                    INFO     replacing edge (5.29395, 60.38742)-(5.2942, 60.38729)
                    INFO     processing predecessor: (5.29363, 60.38753)
                    INFO     old edge is ((5.29395, 60.38742), (5.2942, 60.38729))
                    INFO     new edge is ((5.29393, 60.38738), (5.2942, 60.38729))
[08/04/23 10:05:49] INFO     no_double_sense: False
[08/04/23 10:05:49] INFO     count: 2
                    INFO     TWO WAY STREET FOUND
                    INFO     replacing edge (5.2942, 60.38729)-(5.29466, 60.38705)
                    INFO     processing predecessor: (5.29393, 60.38738)
                    INFO     old edge is ((5.2942, 60.38729), (5.29466, 60.38705))
                    INFO     new edge is ((5.29418, 60.38725), (5.29466, 60.38705))
[08/04/23 10:05:50] INFO     no_double_sense: False
[08/04/23 10:05:50] INFO     count: 3
                    INFO     TWO WAY STREET FOUND
                    INFO     replacing edge (5.29466, 60.38705)-(5.29488, 60.38692)
                    INFO     processing predecessor: (5.29418, 60.38725)
                    INFO     old edge is ((5.29466, 60.38705), (5.29488, 60.38692))
                    INFO     new edge is ((5.29464, 60.38701), (5.29488, 60.38692))
[08/04/23 10:05:52] INFO     no_double_sense: False
[08/04/23 10:05:52] INFO     count: 4
                    INFO     TWO WAY STREET FOUND
                    INFO     replacing edge (5.29488, 60.38692)-(5.29615, 60.3862)
                    INFO     processing predecessor: (5.29464, 60.38701)
                    INFO     old edge is ((5.29488, 60.38692), (5.29615, 60.3862))
                    INFO     new edge is ((5.29486, 60.38688), (5.29615, 60.3862))
[08/04/23 10:05:53] INFO     no_double_sense: False
[08/04/23 10:05:53] INFO     count: 5
                    INFO     TWO WAY STREET FOUND
                    INFO     replacing edge (5.29615, 60.3862)-(5.29636, 60.38607)
                    INFO     processing predecessor: (5.29486, 60.38688)
                    INFO     old edge is ((5.29615, 60.3862), (5.29636, 60.38607))
                    INFO     new edge is ((5.29613, 60.38616), (5.29636, 60.38607))
[08/04/23 10:05:54] INFO     no_double_sense: False
[08/04/23 10:05:55] INFO     count: 6
                    INFO     TWO WAY STREET FOUND
                    INFO     replacing edge (5.29636, 60.38607)-(5.29648, 60.38599)
                    INFO     processing predecessor: (5.29613, 60.38616)
                    INFO     old edge is ((5.29636, 60.38607), (5.29648, 60.38599))
                    INFO     new edge is ((5.29634, 60.38604), (5.29648, 60.38599))
[08/04/23 10:05:55] INFO     no_double_sense: False
[08/04/23 10:05:56] INFO     count: 7
                    INFO     TWO WAY STREET FOUND
                    INFO     replacing edge (5.29648, 60.38599)-(5.29816, 60.38488)
                    INFO     processing predecessor: (5.29634, 60.38604)
                    INFO     old edge is ((5.29648, 60.38599), (5.29816, 60.38488))
                    INFO     new edge is ((5.29646, 60.38596), (5.29816, 60.38488))
[08/04/23 10:05:57] INFO     no_double_sense: False
[08/04/23 10:05:57] INFO     count: 8
                    INFO     TWO WAY STREET FOUND
                    INFO     replacing edge (5.29816, 60.38488)-(5.29835, 60.38478)
                    INFO     processing predecessor: (5.29646, 60.38596)
                    INFO     old edge is ((5.29816, 60.38488), (5.29835, 60.38478))
                    INFO     new edge is ((5.29814, 60.38484), (5.29835, 60.38478))
[08/04/23 10:05:58] INFO     no_double_sense: False
[08/04/23 10:05:58] INFO     count: 9
                    INFO     TWO WAY STREET FOUND
                    INFO     replacing edge (5.29835, 60.38478)-(5.29853, 60.38471)
                    INFO     processing predecessor: (5.29814, 60.38484)
                    INFO     old edge is ((5.29835, 60.38478), (5.29853, 60.38471))
                    INFO     new edge is ((5.29833, 60.38474), (5.29853, 60.38471))
[08/04/23 10:06:00] INFO     no_double_sense: False
[08/04/23 10:06:00] INFO     count: 10
                    INFO     TWO WAY STREET FOUND
                    INFO     replacing edge (5.29853, 60.38471)-(5.29874, 60.38464)
                    INFO     processing predecessor: (5.29833, 60.38474)
                    INFO     old edge is ((5.29853, 60.38471), (5.29874, 60.38464))
                    INFO     new edge is ((5.29852, 60.38466), (5.29874, 60.38464))
[08/04/23 10:06:01] INFO     no_double_sense: False
[08/04/23 10:06:02] INFO     count: 11
[08/04/23 10:06:02] INFO     count: 11
[08/04/23 10:06:02] INFO     count: 10
[08/04/23 10:06:02] INFO     count: 11
[08/04/23 10:06:02] INFO     count: 9
[08/04/23 10:06:02] INFO     count: 10
[08/04/23 10:06:02] INFO     count: 11
[08/04/23 10:06:02] INFO     count: 8
[08/04/23 10:06:03] INFO     count: 9
[08/04/23 10:06:03] INFO     count: 10
[08/04/23 10:06:03] INFO     count: 11
[08/04/23 10:06:03] INFO     count: 7
[08/04/23 10:06:04] INFO     count: 8
[08/04/23 10:06:04] INFO     count: 9
[08/04/23 10:06:04] INFO     count: 10
[08/04/23 10:06:04] INFO     count: 11
[08/04/23 10:06:04] INFO     count: 6
[08/04/23 10:06:04] INFO     count: 7
[08/04/23 10:06:05] INFO     count: 8
[08/04/23 10:06:05] INFO     count: 9
[08/04/23 10:06:05] INFO     count: 10
[08/04/23 10:06:06] INFO     count: 11
[08/04/23 10:06:06] INFO     count: 5
[08/04/23 10:06:06] INFO     count: 6
[08/04/23 10:06:06] INFO     count: 7
[08/04/23 10:06:06] INFO     count: 8
[08/04/23 10:06:07] INFO     count: 9
                    INFO     TWO WAY STREET FOUND
                    INFO     replacing edge (5.29339, 60.3877)-(5.29316, 60.38782)
                    INFO     processing predecessor: (5.29365, 60.38757)
                    INFO     old edge is ((5.29339, 60.3877), (5.29316, 60.38782))
                    INFO     new edge is ((5.29341, 60.38774), (5.29316, 60.38782))
[08/04/23 10:06:08] INFO     no_double_sense: False
[08/04/23 10:06:08] INFO     count: 10
[08/04/23 10:06:08] INFO     count: 11
                    INFO     TWO WAY STREET FOUND
                    INFO     replacing edge (5.29316, 60.38782)-(5.29279, 60.38802)
                    INFO     processing predecessor: (5.29341, 60.38774)
                    INFO     old edge is ((5.29316, 60.38782), (5.29279, 60.38802))
                    INFO     new edge is ((5.29318, 60.38786), (5.29279, 60.38802))
[08/04/23 10:06:09] INFO     no_double_sense: False
[08/04/23 10:06:10] INFO     count: 11
[08/04/23 10:06:10] INFO     count: 10
[08/04/23 10:06:10] INFO     count: 11
[08/04/23 10:06:10] INFO     count: 4
[08/04/23 10:06:11] INFO     count: 5
[08/04/23 10:06:11] INFO     count: 6
[08/04/23 10:06:11] INFO     count: 7
[08/04/23 10:06:11] INFO     count: 8
[08/04/23 10:06:11] INFO     count: 9
[08/04/23 10:06:12] INFO     count: 10
[08/04/23 10:06:12] INFO     count: 11
                    INFO     TWO WAY STREET FOUND
                    INFO     replacing edge (5.29279, 60.38802)-(5.29261, 60.38813)
                    INFO     processing predecessor: (5.29318, 60.38786)
                    INFO     old edge is ((5.29279, 60.38802), (5.29261, 60.38813))
                    INFO     new edge is ((5.29281, 60.38806), (5.29261, 60.38813))
[08/04/23 10:06:13] INFO     no_double_sense: False
[08/04/23 10:06:13] INFO     count: 10
[08/04/23 10:06:13] INFO     count: 11
                    INFO     TWO WAY STREET FOUND
                    INFO     replacing edge (5.29261, 60.38813)-(5.2922, 60.3884)
                    INFO     processing predecessor: (5.29281, 60.38806)
                    INFO     old edge is ((5.29261, 60.38813), (5.2922, 60.3884))
                    INFO     new edge is ((5.29263, 60.38816), (5.2922, 60.3884))
[08/04/23 10:06:15] INFO     no_double_sense: False
[08/04/23 10:06:15] INFO     count: 11
[08/04/23 10:06:15] INFO     count: 3
[08/04/23 10:06:15] INFO     count: 4
[08/04/23 10:06:15] INFO     count: 5
[08/04/23 10:06:16] INFO     count: 6
[08/04/23 10:06:16] INFO     count: 7
[08/04/23 10:06:16] INFO     count: 8
[08/04/23 10:06:16] INFO     count: 9
[08/04/23 10:06:17] INFO     count: 10
[08/04/23 10:06:17] INFO     count: 11
                    INFO     TWO WAY STREET FOUND
                    INFO     replacing edge (5.2922, 60.3884)-(5.29176, 60.38869)
                    INFO     processing predecessor: (5.29263, 60.38816)
                    INFO     old edge is ((5.2922, 60.3884), (5.29176, 60.38869))
                    INFO     new edge is ((5.29222, 60.38843), (5.29176, 60.38869))
[08/04/23 10:06:18] INFO     no_double_sense: False
[08/04/23 10:06:18] INFO     count: 10
[08/04/23 10:06:19] INFO     count: 11
                    INFO     TWO WAY STREET FOUND
                    INFO     replacing edge (5.29176, 60.38869)-(5.29104, 60.38896)
                    INFO     processing predecessor: (5.29222, 60.38843)
                    INFO     old edge is ((5.29176, 60.38869), (5.29104, 60.38896))
                    INFO     new edge is ((5.29178, 60.38873), (5.29104, 60.38896))
[08/04/23 10:06:20] INFO     no_double_sense: False
[08/04/23 10:06:20] INFO     count: 11
[08/04/23 10:06:20] INFO     count: 2
[08/04/23 10:06:21] INFO     count: 3
[08/04/23 10:06:21] INFO     count: 4
[08/04/23 10:06:21] INFO     count: 5
[08/04/23 10:06:21] INFO     count: 6
[08/04/23 10:06:21] INFO     count: 7
[08/04/23 10:06:22] INFO     count: 8
[08/04/23 10:06:22] INFO     count: 9
[08/04/23 10:06:22] INFO     count: 10
[08/04/23 10:06:22] INFO     count: 11
                    INFO     TWO WAY STREET FOUND
                    INFO     replacing edge (5.29104, 60.38896)-(5.29032, 60.38896)
                    INFO     processing predecessor: (5.29178, 60.38873)
                    INFO     old edge is ((5.29104, 60.38896), (5.29032, 60.38896))
                    INFO     new edge is ((5.29104, 60.38891), (5.29032, 60.38896))
[08/04/23 10:06:24] INFO     no_double_sense: False
[08/04/23 10:06:24] INFO     count: 10
[08/04/23 10:06:24] INFO     count: 11
                    INFO     TWO WAY STREET FOUND
                    INFO     replacing edge (5.29032, 60.38896)-(5.28941, 60.38876)
                    INFO     processing predecessor: (5.29104, 60.38891)
                    INFO     old edge is ((5.29032, 60.38896), (5.28941, 60.38876))
                    INFO     new edge is ((5.29031, 60.38901), (5.28941, 60.38876))
[08/04/23 10:06:26] INFO     no_double_sense: False
[08/04/23 10:06:26] INFO     count: 11
[08/04/23 10:06:27] INFO     count: 1
[08/04/23 10:06:27] INFO     count: 2
[08/04/23 10:06:27] INFO     count: 3
[08/04/23 10:06:27] INFO     count: 4
[08/04/23 10:06:27] INFO     count: 5
[08/04/23 10:06:28] INFO     count: 6
[08/04/23 10:06:28] INFO     count: 7
[08/04/23 10:06:28] INFO     count: 8
[08/04/23 10:06:28] INFO     count: 9
[08/04/23 10:06:29] INFO     count: 10
[08/04/23 10:06:29] INFO     count: 11
[08/04/23 10:06:29] INFO     count: 0
[08/04/23 10:06:30] INFO     count: 1
[08/04/23 10:06:30] INFO     count: 2
[08/04/23 10:06:30] INFO     count: 3
[08/04/23 10:06:30] INFO     count: 0
[08/04/23 10:06:30] INFO     count: 1
[08/04/23 10:06:30] INFO     count: 2
[08/04/23 10:06:31] INFO     count: 3
[08/04/23 10:06:31] INFO     count: 4
[08/04/23 10:06:31] INFO     count: 5
[08/04/23 10:06:31] INFO     count: 6
[08/04/23 10:06:31] INFO     count: 7
[08/04/23 10:06:32] INFO     count: 8
[08/04/23 10:06:32] INFO     count: 9
[08/04/23 10:06:32] INFO     count: 10
[08/04/23 10:06:32] INFO     count: 11
[08/04/23 10:06:32] INFO     count: 6
[08/04/23 10:06:32] INFO     count: 7
[08/04/23 10:06:32] INFO     count: 8
[08/04/23 10:06:32] INFO     count: 9
[08/04/23 10:06:33] INFO     count: 10
[08/04/23 10:06:33] INFO     count: 11
[08/04/23 10:06:33] INFO     count: 0
                    INFO     TWO WAY STREET FOUND
                    INFO     replacing edge (5.27611, 60.34306)-(5.27582, 60.34289)
                    INFO     processing predecessor: (5.27675, 60.34342)
                    INFO     old edge is ((5.27611, 60.34306), (5.27582, 60.34289))
                    INFO     new edge is ((5.27609, 60.3431), (5.27582, 60.34289))
[08/04/23 10:06:34] INFO     no_double_sense: False
[08/04/23 10:06:34] INFO     count: 1
                    INFO     TWO WAY STREET FOUND
                    INFO     replacing edge (5.27582, 60.34289)-(5.27508, 60.34246)
                    INFO     processing predecessor: (5.27609, 60.3431)
                    INFO     old edge is ((5.27582, 60.34289), (5.27508, 60.34246))
                    INFO     new edge is ((5.2758, 60.34293), (5.27508, 60.34246))
[08/04/23 10:06:36] INFO     no_double_sense: False
[08/04/23 10:06:36] INFO     count: 2
                    INFO     TWO WAY STREET FOUND
                    INFO     replacing edge (5.27508, 60.34246)-(5.27483, 60.34232)
                    INFO     processing predecessor: (5.2758, 60.34293)
                    INFO     old edge is ((5.27508, 60.34246), (5.27483, 60.34232))
                    INFO     new edge is ((5.27506, 60.3425), (5.27483, 60.34232))
[08/04/23 10:06:37] INFO     no_double_sense: True
[08/04/23 10:06:41] INFO     count: 3
[08/04/23 10:06:42] INFO     count: 4
[08/04/23 10:06:42] INFO     count: 5
[08/04/23 10:06:42] INFO     count: 6
[08/04/23 10:06:42] INFO     count: 7
                    INFO     TWO WAY STREET FOUND
                    INFO     replacing edge (5.27675, 60.34342)-(5.28024, 60.3464)
                    INFO     processing predecessor: (5.27611, 60.34306)
                    INFO     old edge is ((5.27675, 60.34342), (5.28024, 60.3464))
                    INFO     new edge is ((5.27677, 60.34339), (5.28024, 60.3464))
[08/04/23 10:06:43] INFO     no_double_sense: False
[08/04/23 10:06:43] INFO     count: 8
[08/04/23 10:06:43] INFO     count: 9
[08/04/23 10:06:43] INFO     count: 10
[08/04/23 10:06:43] INFO     count: 11
                    INFO     TWO WAY STREET FOUND
                    INFO     replacing edge (5.28024, 60.3464)-(5.28112, 60.34764)
                    INFO     processing predecessor: (5.27677, 60.34339)
                    INFO     old edge is ((5.28024, 60.3464), (5.28112, 60.34764))
                    INFO     new edge is ((5.28026, 60.34638), (5.28112, 60.34764))
[08/04/23 10:06:44] INFO     no_double_sense: False
[08/04/23 10:06:45] INFO     count: 9
[08/04/23 10:06:45] INFO     count: 10
[08/04/23 10:06:45] INFO     count: 11
                    INFO     TWO WAY STREET FOUND
                    INFO     replacing edge (5.28112, 60.34764)-(5.28134, 60.34788)
                    INFO     processing predecessor: (5.28026, 60.34638)
                    INFO     old edge is ((5.28112, 60.34764), (5.28134, 60.34788))
                    INFO     new edge is ((5.28114, 60.34762), (5.28134, 60.34788))
[08/04/23 10:06:46] INFO     no_double_sense: True
